A00072938,Jamie Lee       ,COMP,21,89
A00193747,Lana Young      ,SURV,19,70
A00192374,John Wong       ,ELEC,25,83
A00139384,Anna Jones      ,ANTH,23,84
A00094857,Lee Williams    ,COMP,22,91
A00039843,Klye Wynn       ,SURV,24,88
A00019438,Leila Katami    ,ANTH,25,93
A00192383,Winston Yee     ,BLDG,23,94
A00239487,Avtar Dhillon   ,COMP,24,87
A00293833,Tina Lintunen   ,ELEC,24,92
A00384873,Jimmy Leung     ,SURV,23,91
A00494834,Barbara Williams,COMP,21,86
A01935833,Therese Lavie   ,ELEC,20,90
A00392843,Winston Hodges  ,BLDG,26,83
A00293843,Benjamin Hill   ,SURV,22,88
A00293843,Jonathan Cleese ,ANTH,27,95
A00029384,Mary Hamilton   ,COMP,24,88
A00294854,Ida Yip         ,ELEC,29,93
A00029487,Jeff Meggs      ,SURV,35,86
A00092844,Jane Robinson   ,COMP,31,94
A03928233,Loren Wilkenson ,ANTH,20,89
A00193848,Serena Chang    ,ELEC,28,90
A00837473,Jenny Albright  ,COMP,27,73
A00294825,Linda Hui       ,SURV,26,84
A01492844,Chloe Fontaine  ,COMP,25,83
A00492543,Tejinder Singh  ,ELEC,24,87
